2026-02-04 20:28:52,827 - INFO - Enhanced training worker initialized
2026-02-04 20:29:49,145 - INFO - ✓ New best model saved (loss: 0.0971)
2026-02-04 20:54:59,094 - INFO - Final model saved on shutdown
2026-02-04 20:55:09,153 - INFO - 🧠 Loaded enhanced local AI model from disk
2026-02-04 20:55:09,154 - INFO - Enhanced training worker initialized
2026-02-04 20:56:32,691 - INFO - 🧠 Loaded enhanced local AI model from disk
2026-02-04 20:56:32,692 - INFO - Enhanced training worker initialized
2026-02-04 20:56:44,899 - INFO - ✓ New best model saved (loss: 0.0351)
2026-02-04 20:56:55,203 - INFO - 🛡️ Blocked: https://analytics.python.org/js/script.file-downloads.outbound-links.js
2026-02-04 21:47:37,056 - INFO - 🛡️ Blocked: https://www.googleadservices.com/pagead/conversion/16521530460/?gad_source=1&adv
2026-02-04 21:47:37,282 - INFO - 🛡️ Blocked: https://www.googleadservices.com/pagead/conversion/16521530460/?gad_source=1&adv
2026-02-04 21:47:40,021 - INFO - 🛡️ Blocked: https://de5282c3ca0c.edge.sdk.awswaf.com/de5282c3ca0c/526cf06acb0d/telemetry
2026-02-04 21:47:41,013 - INFO - 🛡️ Blocked: https://de5282c3ca0c.edge.sdk.awswaf.com/de5282c3ca0c/526cf06acb0d/telemetry
2026-02-04 21:47:44,716 - INFO - 🛡️ Blocked: https://de5282c3ca0c.edge.sdk.awswaf.com/de5282c3ca0c/526cf06acb0d/telemetry
2026-02-04 21:47:45,687 - INFO - 🛡️ Blocked: https://de5282c3ca0c.edge.sdk.awswaf.com/de5282c3ca0c/526cf06acb0d/telemetry
2026-02-04 21:47:54,674 - INFO - 🛡️ Blocked: https://de5282c3ca0c.edge.sdk.awswaf.com/de5282c3ca0c/526cf06acb0d/telemetry
2026-02-04 21:47:54,676 - INFO - 🛡️ Blocked: https://de5282c3ca0c.edge.sdk.awswaf.com/de5282c3ca0c/526cf06acb0d/telemetry
2026-02-04 21:52:19,097 - INFO - Final model saved on shutdown
2026-02-04 21:52:32,719 - INFO - 🧠 Loaded enhanced local AI model from disk
2026-02-04 21:52:32,720 - INFO - Enhanced training worker initialized
2026-02-04 21:53:29,679 - INFO - 🧠 Loaded enhanced local AI model from disk
2026-02-04 21:53:29,681 - INFO - Enhanced training worker initialized
2026-02-04 21:54:15,905 - INFO - ✓ New best model saved (loss: 0.0238)
2026-02-04 21:54:25,667 - INFO - ✓ Database expanded with 6 new sites for 'python'
2026-02-04 21:54:25,668 - INFO - ✓ Database expanded with 6 new sites for 'python'
2026-02-04 21:54:58,047 - INFO - 🧠 Loaded enhanced local AI model from disk
2026-02-04 21:54:58,047 - INFO - Enhanced training worker initialized
2026-02-04 21:57:05,286 - INFO - 🛡️ Blocked: https://www.googleadservices.com/pagead/conversion/16521530460/?gad_source=1&adv
2026-02-04 21:57:05,566 - INFO - 🛡️ Blocked: https://www.googleadservices.com/pagead/conversion/16521530460/?gad_source=1&adv
2026-02-04 21:57:07,650 - INFO - 🛡️ Blocked: https://googleads.g.doubleclick.net/pagead/id
2026-02-04 21:57:07,656 - INFO - 🛡️ Blocked: https://static.doubleclick.net/instream/ad_status.js
2026-02-04 21:59:07,684 - INFO - 🛡️ Blocked: https://googleads.g.doubleclick.net/pagead/id
2026-02-04 22:01:07,699 - INFO - 🛡️ Blocked: https://googleads.g.doubleclick.net/pagead/id
2026-02-04 23:07:06,126 - INFO - Final model saved on shutdown
2026-02-05 21:02:07,271 - INFO - 🧠 Loaded enhanced local AI model from disk
2026-02-05 21:02:07,272 - INFO - Enhanced training worker initialized
2026-02-05 21:13:34,517 - INFO - Final model saved on shutdown
2026-02-05 21:13:43,990 - INFO - 🧠 Loaded enhanced local AI model from disk
2026-02-05 21:13:43,991 - INFO - Enhanced training worker initialized
2026-02-05 21:14:16,260 - INFO - 🔍 Detected search page for: google (local results: 0)
2026-02-05 21:14:16,260 - ERROR - Search page analysis error: 'Browser' object has no attribute 'status'
2026-02-05 21:47:41,482 - INFO - We will use 90% of the memory on device 0 for storing the model, and 10% for the buffer to avoid OOM. You can set `max_memory` in to a higher value to use more memory (at your own risk).
2026-02-05 22:22:48,214 - INFO - We will use 90% of the memory on device 0 for storing the model, and 10% for the buffer to avoid OOM. You can set `max_memory` in to a higher value to use more memory (at your own risk).
2026-02-05 22:23:15,423 - WARNING - Some parameters are on the meta device because they were offloaded to the cpu.
2026-02-05 22:35:13,672 - INFO - Final model saved on shutdown
2026-02-06 15:56:03,478 - INFO - 🧠 Loaded enhanced local AI model from disk
2026-02-06 15:56:03,480 - INFO - Enhanced training worker initialized
2026-02-06 15:56:03,572 - INFO - We will use 90% of the memory on device 0 for storing the model, and 10% for the buffer to avoid OOM. You can set `max_memory` in to a higher value to use more memory (at your own risk).
2026-02-06 15:56:19,523 - INFO - We will use 90% of the memory on device 0 for storing the model, and 10% for the buffer to avoid OOM. You can set `max_memory` in to a higher value to use more memory (at your own risk).
2026-02-06 15:56:29,922 - WARNING - Some parameters are on the meta device because they were offloaded to the cpu.
2026-02-06 16:15:19,895 - INFO - 🧠 Loaded enhanced local AI model from disk
2026-02-06 16:15:19,895 - INFO - Enhanced training worker initialized
2026-02-06 16:15:19,937 - INFO - We will use 90% of the memory on device 0 for storing the model, and 10% for the buffer to avoid OOM. You can set `max_memory` in to a higher value to use more memory (at your own risk).
2026-02-06 16:15:36,555 - INFO - We will use 90% of the memory on device 0 for storing the model, and 10% for the buffer to avoid OOM. You can set `max_memory` in to a higher value to use more memory (at your own risk).
2026-02-06 16:16:00,878 - WARNING - Some parameters are on the meta device because they were offloaded to the cpu.
2026-02-06 16:20:19,982 - INFO - We will use 90% of the memory on device 0 for storing the model, and 10% for the buffer to avoid OOM. You can set `max_memory` in to a higher value to use more memory (at your own risk).
2026-02-06 16:23:58,404 - INFO - We will use 90% of the memory on device 0 for storing the model, and 10% for the buffer to avoid OOM. You can set `max_memory` in to a higher value to use more memory (at your own risk).
2026-02-06 16:24:01,428 - WARNING - Some parameters are on the meta device because they were offloaded to the cpu.
2026-02-06 17:10:21,348 - INFO - 🧠 Loaded enhanced local AI model from disk
2026-02-06 17:10:21,350 - INFO - Enhanced training worker initialized
2026-02-06 17:10:21,511 - INFO - We will use 90% of the memory on device 0 for storing the model, and 10% for the buffer to avoid OOM. You can set `max_memory` in to a higher value to use more memory (at your own risk).
2026-02-06 17:10:56,758 - INFO - We will use 90% of the memory on device 0 for storing the model, and 10% for the buffer to avoid OOM. You can set `max_memory` in to a higher value to use more memory (at your own risk).
2026-02-06 17:10:58,884 - INFO - We will use 90% of the memory on device 0 for storing the model, and 10% for the buffer to avoid OOM. You can set `max_memory` in to a higher value to use more memory (at your own risk).
2026-02-06 17:11:05,416 - INFO - We will use 90% of the memory on device 0 for storing the model, and 10% for the buffer to avoid OOM. You can set `max_memory` in to a higher value to use more memory (at your own risk).
2026-02-06 17:11:05,456 - WARNING - The model weights are not tied. Please use the `tie_weights` method before using the `infer_auto_device` function.
2026-02-06 17:14:30,942 - ERROR - URL handling error: 'q'
2026-02-06 17:14:35,225 - ERROR - URL handling error: 'q'
2026-02-06 17:23:01,251 - INFO - 🛡️ Blocked: https://www.googleadservices.com/pagead/conversion/16521530460/?gad_source=1&adv
2026-02-06 17:23:01,648 - INFO - 🛡️ Blocked: https://www.googleadservices.com/pagead/conversion/16521530460/?gad_source=1&adv
2026-02-06 17:23:02,673 - INFO - 🔍 Detected search page for: steam (local results: 0)
2026-02-06 17:23:02,673 - ERROR - Search page analysis error: 'Browser' object has no attribute 'status'
2026-02-06 17:23:07,689 - INFO - ✓ New best model saved (loss: 0.0970)
2026-02-06 20:33:25,549 - INFO - Final model saved on shutdown
2026-02-06 21:15:51,584 - INFO - 🧠 Loaded enhanced local AI model from disk
2026-02-06 21:15:51,586 - INFO - Enhanced training worker initialized
2026-02-06 21:15:51,794 - INFO - We will use 90% of the memory on device 0 for storing the model, and 10% for the buffer to avoid OOM. You can set `max_memory` in to a higher value to use more memory (at your own risk).
2026-02-06 21:15:55,531 - ERROR - URL handling error: 'q'
2026-02-06 21:16:03,807 - INFO - Final model saved on shutdown
2026-02-06 21:16:33,252 - INFO - 🧠 Loaded enhanced local AI model from disk
2026-02-06 21:16:33,253 - INFO - Enhanced training worker initialized
2026-02-06 21:16:33,443 - INFO - We will use 90% of the memory on device 0 for storing the model, and 10% for the buffer to avoid OOM. You can set `max_memory` in to a higher value to use more memory (at your own risk).
2026-02-06 21:16:57,078 - INFO - We will use 90% of the memory on device 0 for storing the model, and 10% for the buffer to avoid OOM. You can set `max_memory` in to a higher value to use more memory (at your own risk).
2026-02-06 21:16:57,115 - WARNING - The model weights are not tied. Please use the `tie_weights` method before using the `infer_auto_device` function.
2026-02-06 21:16:58,820 - INFO - We will use 90% of the memory on device 0 for storing the model, and 10% for the buffer to avoid OOM. You can set `max_memory` in to a higher value to use more memory (at your own risk).
2026-02-06 21:16:58,840 - WARNING - The model weights are not tied. Please use the `tie_weights` method before using the `infer_auto_device` function.
2026-02-06 21:17:06,686 - INFO - We will use 90% of the memory on device 0 for storing the model, and 10% for the buffer to avoid OOM. You can set `max_memory` in to a higher value to use more memory (at your own risk).
2026-02-06 21:17:59,527 - INFO - ✓ New best model saved (loss: 0.0447)
2026-02-06 21:18:05,135 - INFO - ✓ Database expanded with 6 new sites for 'python'
2026-02-06 21:18:05,825 - INFO - ✓ New best model saved (loss: 0.0198)
2026-02-06 22:18:49,169 - INFO - ✓ Database expanded with 6 new sites for 'python'
2026-02-06 22:18:49,169 - INFO - ✓ Database expanded with 6 new sites for 'python'
2026-02-06 22:18:50,279 - INFO - ✓ New best model saved (loss: 0.0099)
2026-02-06 22:27:50,304 - INFO - Final model saved on shutdown
2026-02-07 10:19:37,143 - INFO - 🧠 Loaded enhanced local AI model from disk
2026-02-07 10:19:37,144 - INFO - Enhanced training worker initialized
2026-02-07 10:19:37,231 - INFO - We will use 90% of the memory on device 0 for storing the model, and 10% for the buffer to avoid OOM. You can set `max_memory` in to a higher value to use more memory (at your own risk).
2026-02-07 10:19:57,328 - INFO - We will use 90% of the memory on device 0 for storing the model, and 10% for the buffer to avoid OOM. You can set `max_memory` in to a higher value to use more memory (at your own risk).
2026-02-07 10:20:00,773 - INFO - Final model saved on shutdown
2026-02-07 12:06:01,694 - INFO - 🧠 Loaded enhanced local AI model from disk
2026-02-07 12:06:01,695 - INFO - Enhanced training worker initialized
2026-02-07 12:06:01,927 - INFO - We will use 90% of the memory on device 0 for storing the model, and 10% for the buffer to avoid OOM. You can set `max_memory` in to a higher value to use more memory (at your own risk).
2026-02-07 12:06:01,992 - INFO - We will use 90% of the memory on device 0 for storing the model, and 10% for the buffer to avoid OOM. You can set `max_memory` in to a higher value to use more memory (at your own risk).
2026-02-07 12:06:24,865 - INFO - We will use 90% of the memory on device 0 for storing the model, and 10% for the buffer to avoid OOM. You can set `max_memory` in to a higher value to use more memory (at your own risk).
2026-02-07 12:06:27,079 - INFO - We will use 90% of the memory on device 0 for storing the model, and 10% for the buffer to avoid OOM. You can set `max_memory` in to a higher value to use more memory (at your own risk).
2026-02-07 12:06:27,098 - INFO - Based on the current allocation process, no modules could be assigned to the following devices due to insufficient memory:
  - 0: 2489319424 bytes required
These minimum requirements are specific to this allocation attempt and may vary. Consider increasing the available memory for these devices to at least the specified minimum, or adjusting the model config.
2026-02-07 12:07:11,761 - INFO - 🛡️ Blocked: https://www.googleadservices.com/pagead/conversion/16521530460/?gad_source=1&adv
2026-02-07 12:07:12,723 - INFO - 🔍 Detected search page for: oyn://search?q=minecraft (local results: 0)
2026-02-07 12:07:12,723 - ERROR - Search page analysis error: 'Browser' object has no attribute 'status'
2026-02-07 12:07:13,819 - INFO - 🛡️ Blocked: https://googleads.g.doubleclick.net/pagead/id
2026-02-07 12:07:13,836 - INFO - 🛡️ Blocked: https://static.doubleclick.net/instream/ad_status.js
2026-02-07 12:09:14,225 - INFO - 🛡️ Blocked: https://googleads.g.doubleclick.net/pagead/id
2026-02-07 12:11:15,225 - INFO - 🛡️ Blocked: https://googleads.g.doubleclick.net/pagead/id
2026-02-07 12:19:01,818 - INFO - 🛡️ Blocked: https://www.googleadservices.com/pagead/conversion/16521530460/?gad_source=1&adv
2026-02-07 12:19:02,305 - INFO - 🔍 Detected search page for: oyn://searcg?q (local results: 0)
2026-02-07 12:19:02,305 - ERROR - Search page analysis error: 'Browser' object has no attribute 'status'
2026-02-07 12:42:10,348 - INFO - Final model saved on shutdown
2026-02-09 17:24:27,741 - INFO - 🛡️ Blocked: https://www.googleadservices.com/pagead/conversion/16521530460/?gad_source=1&adv
2026-02-09 17:24:28,585 - INFO - 🛡️ Blocked: https://www.googleadservices.com/pagead/conversion/16521530460/?gad_source=1&adv
2026-02-09 17:24:29,369 - INFO - 🔍 Detected search page for: microsoft makecode (local results: 0)
2026-02-09 17:24:29,369 - ERROR - Search page analysis error: 'Browser' object has no attribute 'status'
2026-02-09 17:24:32,676 - INFO - 🛡️ Blocked: https://www.microsoft.com/foxtrot/etc.clientlibs/microsoft/clientlibs/exp-analyt
2026-02-09 17:24:33,423 - INFO - 🛡️ Blocked: https://js.monitor.azure.com/scripts/c/ms.shared.analytics.mectrl-3.gbl.min.js
2026-02-09 17:24:33,458 - INFO - 🛡️ Blocked: https://js.monitor.azure.com/scripts/c/ms.shared.analytics.mectrl-3.gbl.min.js
2026-02-09 17:24:34,928 - INFO - 🛡️ Blocked: https://www.googleadservices.com/pagead/set_partitioned_cookie?frm=0&apvc=1&tid=
2026-02-09 17:24:34,935 - INFO - 🛡️ Blocked: https://www.googleadservices.com/pagead/set_partitioned_cookie?frm=0&apvc=1&tid=
2026-02-09 17:24:35,624 - INFO - 🛡️ Blocked: https://ib.adnxs.com/getuid?https%3a%2f%2fdpm.demdex.net%2fibs%3adpid%3d358%26dp
2026-02-09 17:24:36,843 - INFO - 🛡️ Blocked: https://cm.g.doubleclick.net/pixel?google_nid=adobe_dmp&google_cm&gdpr=0&gdpr_co
2026-02-09 17:24:57,796 - INFO - 🛡️ Blocked: https://logincdn.msftauth.net/shared/5/chunks/oneds-analytics-js_v2_9966a2b9a2d7
2026-02-09 17:25:11,812 - INFO - 🛡️ Blocked: https://logincdn.msftauth.net/shared/5/chunks/oneds-analytics-js_v2_9966a2b9a2d7
